<?xml version="1.0" encoding="UTF-8"?>
<testng-results ignored="0" total="3" passed="3" failed="0" skipped="0">
  <reporter-output>
  </reporter-output>
  <suite started-at="2022-07-19T00:56:09 IST" name="Suite" finished-at="2022-07-19T00:56:09 IST" duration-ms="0">
    <groups>
    </groups>
  </suite> <!-- Suite -->
  <suite started-at="2022-07-19T00:55:37 IST" name="Suite (1)" finished-at="2022-07-19T00:56:09 IST" duration-ms="32193">
    <groups>
    </groups>
    <test started-at="2022-07-19T00:55:37 IST" name="Test" finished-at="2022-07-19T00:56:09 IST" duration-ms="32193">
      <class name="facebook_TC.fb_try">
        <test-method signature="facebook()[pri:0, instance:facebook_TC.fb_try@245b4bdc]" started-at="2022-07-19T00:55:37 IST" name="facebook" finished-at="2022-07-19T00:56:09 IST" duration-ms="32192" status="PASS">
          <reporter-output>
          </reporter-output>
        </test-method> <!-- facebook -->
      </class> <!-- facebook_TC.fb_try -->
    </test> <!-- Test -->
  </suite> <!-- Suite (1) -->
  <suite started-at="2022-07-19T00:55:07 IST" name="Suite (0)" finished-at="2022-07-19T00:55:37 IST" duration-ms="29613">
    <groups>
      <group name="household">
        <method signature="NewTest_1.f()[pri:0, instance:test_cases.NewTest_1@384ad17b]" name="f" class="test_cases.NewTest_1"/>
        <method signature="NewTest_1.second_test()[pri:1, instance:test_cases.NewTest_1@384ad17b]" name="second_test" class="test_cases.NewTest_1"/>
      </group> <!-- household -->
    </groups>
    <test started-at="2022-07-19T00:55:07 IST" name="Test" finished-at="2022-07-19T00:55:37 IST" duration-ms="29613">
      <class name="test_cases.NewTest_1">
        <test-method is-config="true" signature="before_suite()[pri:0, instance:test_cases.NewTest_1@384ad17b]" started-at="2022-07-19T00:55:07 IST" name="before_suite" finished-at="2022-07-19T00:55:07 IST" duration-ms="8" status="PASS">
          <reporter-output>
          </reporter-output>
        </test-method> <!-- before_suite -->
        <test-method is-config="true" signature="beforeTest()[pri:0, instance:test_cases.NewTest_1@384ad17b]" started-at="2022-07-19T00:55:07 IST" name="beforeTest" finished-at="2022-07-19T00:55:13 IST" duration-ms="6106" status="PASS">
          <reporter-output>
          </reporter-output>
        </test-method> <!-- beforeTest -->
        <test-method signature="f()[pri:0, instance:test_cases.NewTest_1@384ad17b]" started-at="2022-07-19T00:55:13 IST" name="f" finished-at="2022-07-19T00:55:37 IST" duration-ms="23479" status="PASS">
          <reporter-output>
          </reporter-output>
        </test-method> <!-- f -->
        <test-method is-config="true" signature="login()[pri:0, instance:test_cases.NewTest_1@384ad17b]" started-at="2022-07-19T00:55:13 IST" name="login" finished-at="2022-07-19T00:55:13 IST" duration-ms="0" status="PASS">
          <reporter-output>
          </reporter-output>
        </test-method> <!-- login -->
        <test-method is-config="true" signature="logout()[pri:0, instance:test_cases.NewTest_1@384ad17b]" started-at="2022-07-19T00:55:37 IST" name="logout" finished-at="2022-07-19T00:55:37 IST" duration-ms="0" status="PASS">
          <reporter-output>
          </reporter-output>
        </test-method> <!-- logout -->
        <test-method is-config="true" signature="login()[pri:0, instance:test_cases.NewTest_1@384ad17b]" started-at="2022-07-19T00:55:37 IST" name="login" finished-at="2022-07-19T00:55:37 IST" duration-ms="1" status="PASS">
          <reporter-output>
          </reporter-output>
        </test-method> <!-- login -->
        <test-method signature="second_test()[pri:1, instance:test_cases.NewTest_1@384ad17b]" started-at="2022-07-19T00:55:37 IST" name="second_test" finished-at="2022-07-19T00:55:37 IST" duration-ms="0" status="PASS">
          <reporter-output>
          </reporter-output>
        </test-method> <!-- second_test -->
        <test-method is-config="true" signature="logout()[pri:0, instance:test_cases.NewTest_1@384ad17b]" started-at="2022-07-19T00:55:37 IST" name="logout" finished-at="2022-07-19T00:55:37 IST" duration-ms="1" status="PASS">
          <reporter-output>
          </reporter-output>
        </test-method> <!-- logout -->
        <test-method is-config="true" signature="afterTest()[pri:0, instance:test_cases.NewTest_1@384ad17b]" started-at="2022-07-19T00:55:37 IST" name="afterTest" finished-at="2022-07-19T00:55:37 IST" duration-ms="1" status="PASS">
          <reporter-output>
          </reporter-output>
        </test-method> <!-- afterTest -->
        <test-method is-config="true" signature="after_suite()[pri:0, instance:test_cases.NewTest_1@384ad17b]" started-at="2022-07-19T00:55:37 IST" name="after_suite" finished-at="2022-07-19T00:55:37 IST" duration-ms="0" status="PASS">
          <reporter-output>
          </reporter-output>
        </test-method> <!-- after_suite -->
      </class> <!-- test_cases.NewTest_1 -->
    </test> <!-- Test -->
  </suite> <!-- Suite (0) -->
</testng-results>
